[2024-12-20 20:58:09 +0000] [1550] [INFO] Starting gunicorn 23.0.0
[2024-12-20 20:58:09 +0000] [1550] [INFO] Listening at: http://0.0.0.0:8000 (1550)
[2024-12-20 20:58:09 +0000] [1550] [INFO] Using worker: sync
[2024-12-20 20:58:09 +0000] [1551] [INFO] Booting worker with pid: 1551
[2024-12-20 20:58:09 +0000] [1552] [INFO] Booting worker with pid: 1552
[2024-12-20 20:58:09 +0000] [1553] [INFO] Booting worker with pid: 1553
[2024-12-20 20:58:09 +0000] [1554] [INFO] Booting worker with pid: 1554
[2024-12-20 20:58:09 +0000] [1555] [INFO] Booting worker with pid: 1555
[2024-12-20 20:58:26 +0000] [1555] [ERROR] Error handling request /
Traceback (most recent call last):
  File "/home/klutch/flask-website/venv/lib/python3.12/site-packages/gunicorn/workers/sync.py", line 134, in handle
    self.handle_request(listener, req, client, addr)
  File "/home/klutch/flask-website/venv/lib/python3.12/site-packages/gunicorn/workers/sync.py", line 177, in handle_request
    respiter = self.wsgi(environ, resp.start_response)
               ^^^^^^^^^^^^^^^^^^^^^^^^^^^^^^^^^^^^^^^
TypeError: create_app() takes 0 positional arguments but 2 were given
[2024-12-20 20:58:42 +0000] [1550] [INFO] Handling signal: term
[2024-12-20 20:58:42 +0000] [1555] [INFO] Worker exiting (pid: 1555)
[2024-12-20 20:58:42 +0000] [1551] [INFO] Worker exiting (pid: 1551)
[2024-12-20 20:58:42 +0000] [1552] [INFO] Worker exiting (pid: 1552)
[2024-12-20 20:58:42 +0000] [1553] [INFO] Worker exiting (pid: 1553)
[2024-12-20 20:58:42 +0000] [1554] [INFO] Worker exiting (pid: 1554)
[2024-12-20 20:58:42 +0000] [1550] [INFO] Shutting down: Master
[2024-12-28 22:09:05 +0000] [913] [INFO] Starting gunicorn 23.0.0
[2024-12-28 22:09:05 +0000] [913] [INFO] Listening at: http://0.0.0.0:8000 (913)
[2024-12-28 22:09:05 +0000] [913] [INFO] Using worker: sync
[2024-12-28 22:09:05 +0000] [914] [INFO] Booting worker with pid: 914
[2024-12-28 22:09:05 +0000] [915] [INFO] Booting worker with pid: 915
[2024-12-28 22:09:05 +0000] [916] [INFO] Booting worker with pid: 916
[2024-12-28 22:09:05 +0000] [917] [INFO] Booting worker with pid: 917
[2024-12-28 22:09:05 +0000] [918] [INFO] Booting worker with pid: 918
[2024-12-29 02:46:59 +0000] [913] [INFO] Handling signal: term
[2024-12-29 02:46:59 +0000] [918] [INFO] Worker exiting (pid: 918)
[2024-12-29 02:46:59 +0000] [914] [INFO] Worker exiting (pid: 914)
[2024-12-29 02:46:59 +0000] [915] [INFO] Worker exiting (pid: 915)
[2024-12-29 02:46:59 +0000] [916] [INFO] Worker exiting (pid: 916)
[2024-12-29 02:46:59 +0000] [917] [INFO] Worker exiting (pid: 917)
[2024-12-29 02:46:59 +0000] [913] [INFO] Shutting down: Master
